2020-08-13 17:25:29,338 INFO (StartupInfoLogger.java:50)- Starting ZblogBasicsServiceApplicationTests on zhufugaodeMacBook-Pro.local with PID 7961 (started by zhufugao in /Users/zhufugao/sourceTree/rebuildZblog/zblog-parent/zblog-basics/zblog-basics-service)
2020-08-13 17:25:29,341 DEBUG (StartupInfoLogger.java:53)- Running with Spring Boot v2.1.3.RELEASE, Spring v5.1.3.RELEASE
2020-08-13 17:25:29,342 INFO (SpringApplication.java:675)- No active profile set, falling back to default profiles: default
2020-08-13 17:25:35,845 INFO (DynamicRoutingDataSource.java:15)- 当前数据源 [zblog2019]
2020-08-13 17:25:35,856 INFO (DynamicRoutingDataSource.java:15)- 当前数据源 [zblog2019]
2020-08-13 17:25:37,311 INFO (StartupInfoLogger.java:50)- Starting ZblogBasicsServiceApplicationTests on zhufugaodeMacBook-Pro.local with PID 7961 (started by zhufugao in /Users/zhufugao/sourceTree/rebuildZblog/zblog-parent/zblog-basics/zblog-basics-service)
2020-08-13 17:25:37,311 DEBUG (StartupInfoLogger.java:53)- Running with Spring Boot v2.1.3.RELEASE, Spring v5.1.3.RELEASE
2020-08-13 17:25:37,312 INFO (SpringApplication.java:675)- No active profile set, falling back to default profiles: default
2020-08-13 17:25:39,261 INFO (DynamicRoutingDataSource.java:15)- 当前数据源 [zblog2019]
2020-08-13 17:25:39,266 INFO (DynamicRoutingDataSource.java:15)- 当前数据源 [zblog2019]
2020-08-13 17:25:39,656 INFO (StartupInfoLogger.java:50)- Starting ScriptTest on zhufugaodeMacBook-Pro.local with PID 7961 (started by zhufugao in /Users/zhufugao/sourceTree/rebuildZblog/zblog-parent/zblog-basics/zblog-basics-service)
2020-08-13 17:25:39,657 DEBUG (StartupInfoLogger.java:53)- Running with Spring Boot v2.1.3.RELEASE, Spring v5.1.3.RELEASE
2020-08-13 17:25:39,657 INFO (SpringApplication.java:675)- No active profile set, falling back to default profiles: default
2020-08-13 17:25:41,587 INFO (DynamicRoutingDataSource.java:15)- 当前数据源 [zblog2019]
2020-08-13 17:25:41,592 INFO (DynamicRoutingDataSource.java:15)- 当前数据源 [zblog2019]
2020-08-13 17:25:41,997 INFO (StartupInfoLogger.java:50)- Starting ScriptTest on zhufugaodeMacBook-Pro.local with PID 7961 (started by zhufugao in /Users/zhufugao/sourceTree/rebuildZblog/zblog-parent/zblog-basics/zblog-basics-service)
2020-08-13 17:25:41,997 DEBUG (StartupInfoLogger.java:53)- Running with Spring Boot v2.1.3.RELEASE, Spring v5.1.3.RELEASE
2020-08-13 17:25:41,998 INFO (SpringApplication.java:675)- No active profile set, falling back to default profiles: default
2020-08-13 17:25:43,783 INFO (DynamicRoutingDataSource.java:15)- 当前数据源 [zblog2019]
2020-08-13 17:25:43,788 INFO (DynamicRoutingDataSource.java:15)- 当前数据源 [zblog2019]
2020-08-13 17:25:44,175 INFO (StartupInfoLogger.java:50)- Starting LockTest on zhufugaodeMacBook-Pro.local with PID 7961 (started by zhufugao in /Users/zhufugao/sourceTree/rebuildZblog/zblog-parent/zblog-basics/zblog-basics-service)
2020-08-13 17:25:44,175 DEBUG (StartupInfoLogger.java:53)- Running with Spring Boot v2.1.3.RELEASE, Spring v5.1.3.RELEASE
2020-08-13 17:25:44,176 INFO (SpringApplication.java:675)- No active profile set, falling back to default profiles: default
2020-08-13 17:25:45,850 INFO (DynamicRoutingDataSource.java:15)- 当前数据源 [zblog2019]
2020-08-13 17:25:45,855 INFO (DynamicRoutingDataSource.java:15)- 当前数据源 [zblog2019]
2020-08-13 17:25:46,214 INFO (StartupInfoLogger.java:50)- Starting Test01 on zhufugaodeMacBook-Pro.local with PID 7961 (started by zhufugao in /Users/zhufugao/sourceTree/rebuildZblog/zblog-parent/zblog-basics/zblog-basics-service)
2020-08-13 17:25:46,215 DEBUG (StartupInfoLogger.java:53)- Running with Spring Boot v2.1.3.RELEASE, Spring v5.1.3.RELEASE
2020-08-13 17:25:46,215 INFO (SpringApplication.java:675)- No active profile set, falling back to default profiles: default
2020-08-13 17:25:48,076 INFO (DynamicRoutingDataSource.java:15)- 当前数据源 [zblog2019]
2020-08-13 17:25:48,081 INFO (DynamicRoutingDataSource.java:15)- 当前数据源 [zblog2019]
2020-08-13 17:25:48,427 INFO (StartupInfoLogger.java:50)- Starting Test01 on zhufugaodeMacBook-Pro.local with PID 7961 (started by zhufugao in /Users/zhufugao/sourceTree/rebuildZblog/zblog-parent/zblog-basics/zblog-basics-service)
2020-08-13 17:25:48,427 DEBUG (StartupInfoLogger.java:53)- Running with Spring Boot v2.1.3.RELEASE, Spring v5.1.3.RELEASE
2020-08-13 17:25:48,428 INFO (SpringApplication.java:675)- No active profile set, falling back to default profiles: default
2020-08-13 17:25:50,279 INFO (DynamicRoutingDataSource.java:15)- 当前数据源 [zblog2019]
2020-08-13 17:25:50,285 INFO (DynamicRoutingDataSource.java:15)- 当前数据源 [zblog2019]
2020-08-13 17:25:50,637 INFO (StartupInfoLogger.java:50)- Starting Test01 on zhufugaodeMacBook-Pro.local with PID 7961 (started by zhufugao in /Users/zhufugao/sourceTree/rebuildZblog/zblog-parent/zblog-basics/zblog-basics-service)
2020-08-13 17:25:50,638 DEBUG (StartupInfoLogger.java:53)- Running with Spring Boot v2.1.3.RELEASE, Spring v5.1.3.RELEASE
2020-08-13 17:25:50,638 INFO (SpringApplication.java:675)- No active profile set, falling back to default profiles: default
2020-08-13 17:25:52,272 INFO (DynamicRoutingDataSource.java:15)- 当前数据源 [zblog2019]
2020-08-13 17:25:52,276 INFO (DynamicRoutingDataSource.java:15)- 当前数据源 [zblog2019]
2020-08-13 17:25:52,741 INFO (StartupInfoLogger.java:50)- Starting Test01 on zhufugaodeMacBook-Pro.local with PID 7961 (started by zhufugao in /Users/zhufugao/sourceTree/rebuildZblog/zblog-parent/zblog-basics/zblog-basics-service)
2020-08-13 17:25:52,742 DEBUG (StartupInfoLogger.java:53)- Running with Spring Boot v2.1.3.RELEASE, Spring v5.1.3.RELEASE
2020-08-13 17:25:52,742 INFO (SpringApplication.java:675)- No active profile set, falling back to default profiles: default
2020-08-13 17:25:54,662 INFO (DynamicRoutingDataSource.java:15)- 当前数据源 [zblog2019]
2020-08-13 17:25:54,667 INFO (DynamicRoutingDataSource.java:15)- 当前数据源 [zblog2019]
2020-08-13 17:25:55,003 INFO (StartupInfoLogger.java:50)- Starting Test01 on zhufugaodeMacBook-Pro.local with PID 7961 (started by zhufugao in /Users/zhufugao/sourceTree/rebuildZblog/zblog-parent/zblog-basics/zblog-basics-service)
2020-08-13 17:25:55,003 DEBUG (StartupInfoLogger.java:53)- Running with Spring Boot v2.1.3.RELEASE, Spring v5.1.3.RELEASE
2020-08-13 17:25:55,004 INFO (SpringApplication.java:675)- No active profile set, falling back to default profiles: default
2020-08-13 17:25:56,663 INFO (DynamicRoutingDataSource.java:15)- 当前数据源 [zblog2019]
2020-08-13 17:25:56,669 INFO (DynamicRoutingDataSource.java:15)- 当前数据源 [zblog2019]
2020-08-13 17:46:50,704 INFO (StartupInfoLogger.java:50)- Starting ZblogBasicsServiceApplicationTests on zhufugaodeMacBook-Pro.local with PID 8231 (started by zhufugao in /Users/zhufugao/sourceTree/rebuildZblog/zblog-parent/zblog-basics/zblog-basics-service)
2020-08-13 17:46:50,706 DEBUG (StartupInfoLogger.java:53)- Running with Spring Boot v2.1.3.RELEASE, Spring v5.1.3.RELEASE
2020-08-13 17:46:50,707 INFO (SpringApplication.java:675)- No active profile set, falling back to default profiles: default
