2020-08-14 14:05:30,364 INFO (StartupInfoLogger.java:50)- Starting ZblogBasicsServiceApplicationTests on zhufugaodeMacBook-Pro.local with PID 4176 (started by zhufugao in /Users/zhufugao/sourceTree/rebuildZblog/zblog-parent/zblog-basics/zblog-basics-service)
2020-08-14 14:05:30,367 DEBUG (StartupInfoLogger.java:53)- Running with Spring Boot v2.1.3.RELEASE, Spring v5.1.3.RELEASE
2020-08-14 14:05:30,368 INFO (SpringApplication.java:675)- No active profile set, falling back to default profiles: default
2020-08-14 14:05:37,959 INFO (DynamicRoutingDataSource.java:15)- 当前数据源 [null]
2020-08-14 14:05:37,984 INFO (DynamicRoutingDataSource.java:15)- 当前数据源 [null]
2020-08-14 14:05:40,668 INFO (StartupInfoLogger.java:50)- Starting ZblogBasicsServiceApplicationTests on zhufugaodeMacBook-Pro.local with PID 4176 (started by zhufugao in /Users/zhufugao/sourceTree/rebuildZblog/zblog-parent/zblog-basics/zblog-basics-service)
2020-08-14 14:05:40,669 DEBUG (StartupInfoLogger.java:53)- Running with Spring Boot v2.1.3.RELEASE, Spring v5.1.3.RELEASE
2020-08-14 14:05:40,669 INFO (SpringApplication.java:675)- No active profile set, falling back to default profiles: default
2020-08-14 14:05:43,393 INFO (DynamicRoutingDataSource.java:15)- 当前数据源 [null]
2020-08-14 14:05:43,401 INFO (DynamicRoutingDataSource.java:15)- 当前数据源 [null]
2020-08-14 14:05:43,938 INFO (StartupInfoLogger.java:50)- Starting ScriptTest on zhufugaodeMacBook-Pro.local with PID 4176 (started by zhufugao in /Users/zhufugao/sourceTree/rebuildZblog/zblog-parent/zblog-basics/zblog-basics-service)
2020-08-14 14:05:43,939 DEBUG (StartupInfoLogger.java:53)- Running with Spring Boot v2.1.3.RELEASE, Spring v5.1.3.RELEASE
2020-08-14 14:05:43,940 INFO (SpringApplication.java:675)- No active profile set, falling back to default profiles: default
2020-08-14 14:05:46,432 INFO (DynamicRoutingDataSource.java:15)- 当前数据源 [null]
2020-08-14 14:05:46,439 INFO (DynamicRoutingDataSource.java:15)- 当前数据源 [null]
2020-08-14 14:05:46,997 INFO (StartupInfoLogger.java:50)- Starting ScriptTest on zhufugaodeMacBook-Pro.local with PID 4176 (started by zhufugao in /Users/zhufugao/sourceTree/rebuildZblog/zblog-parent/zblog-basics/zblog-basics-service)
2020-08-14 14:05:46,998 DEBUG (StartupInfoLogger.java:53)- Running with Spring Boot v2.1.3.RELEASE, Spring v5.1.3.RELEASE
2020-08-14 14:05:46,999 INFO (SpringApplication.java:675)- No active profile set, falling back to default profiles: default
2020-08-14 14:05:49,422 INFO (DynamicRoutingDataSource.java:15)- 当前数据源 [null]
2020-08-14 14:05:49,430 INFO (DynamicRoutingDataSource.java:15)- 当前数据源 [null]
2020-08-14 14:05:50,077 INFO (StartupInfoLogger.java:50)- Starting LockTest on zhufugaodeMacBook-Pro.local with PID 4176 (started by zhufugao in /Users/zhufugao/sourceTree/rebuildZblog/zblog-parent/zblog-basics/zblog-basics-service)
2020-08-14 14:05:50,078 DEBUG (StartupInfoLogger.java:53)- Running with Spring Boot v2.1.3.RELEASE, Spring v5.1.3.RELEASE
2020-08-14 14:05:50,078 INFO (SpringApplication.java:675)- No active profile set, falling back to default profiles: default
2020-08-14 14:05:52,460 INFO (DynamicRoutingDataSource.java:15)- 当前数据源 [null]
2020-08-14 14:05:52,466 INFO (DynamicRoutingDataSource.java:15)- 当前数据源 [null]
2020-08-14 14:05:53,039 INFO (StartupInfoLogger.java:50)- Starting Test01 on zhufugaodeMacBook-Pro.local with PID 4176 (started by zhufugao in /Users/zhufugao/sourceTree/rebuildZblog/zblog-parent/zblog-basics/zblog-basics-service)
2020-08-14 14:05:53,040 DEBUG (StartupInfoLogger.java:53)- Running with Spring Boot v2.1.3.RELEASE, Spring v5.1.3.RELEASE
2020-08-14 14:05:53,041 INFO (SpringApplication.java:675)- No active profile set, falling back to default profiles: default
2020-08-14 14:05:55,941 INFO (DynamicRoutingDataSource.java:15)- 当前数据源 [null]
2020-08-14 14:05:55,950 INFO (DynamicRoutingDataSource.java:15)- 当前数据源 [null]
2020-08-14 14:05:56,799 INFO (StartupInfoLogger.java:50)- Starting Test01 on zhufugaodeMacBook-Pro.local with PID 4176 (started by zhufugao in /Users/zhufugao/sourceTree/rebuildZblog/zblog-parent/zblog-basics/zblog-basics-service)
2020-08-14 14:05:56,802 DEBUG (StartupInfoLogger.java:53)- Running with Spring Boot v2.1.3.RELEASE, Spring v5.1.3.RELEASE
2020-08-14 14:05:56,803 INFO (SpringApplication.java:675)- No active profile set, falling back to default profiles: default
2020-08-14 14:05:59,539 INFO (DynamicRoutingDataSource.java:15)- 当前数据源 [null]
2020-08-14 14:05:59,550 INFO (DynamicRoutingDataSource.java:15)- 当前数据源 [null]
2020-08-14 14:06:00,319 INFO (StartupInfoLogger.java:50)- Starting Test01 on zhufugaodeMacBook-Pro.local with PID 4176 (started by zhufugao in /Users/zhufugao/sourceTree/rebuildZblog/zblog-parent/zblog-basics/zblog-basics-service)
2020-08-14 14:06:00,319 DEBUG (StartupInfoLogger.java:53)- Running with Spring Boot v2.1.3.RELEASE, Spring v5.1.3.RELEASE
2020-08-14 14:06:00,320 INFO (SpringApplication.java:675)- No active profile set, falling back to default profiles: default
2020-08-14 14:06:03,197 INFO (DynamicRoutingDataSource.java:15)- 当前数据源 [null]
2020-08-14 14:06:03,205 INFO (DynamicRoutingDataSource.java:15)- 当前数据源 [null]
2020-08-14 14:06:03,838 INFO (StartupInfoLogger.java:50)- Starting Test01 on zhufugaodeMacBook-Pro.local with PID 4176 (started by zhufugao in /Users/zhufugao/sourceTree/rebuildZblog/zblog-parent/zblog-basics/zblog-basics-service)
2020-08-14 14:06:03,839 DEBUG (StartupInfoLogger.java:53)- Running with Spring Boot v2.1.3.RELEASE, Spring v5.1.3.RELEASE
2020-08-14 14:06:03,840 INFO (SpringApplication.java:675)- No active profile set, falling back to default profiles: default
2020-08-14 14:06:07,177 INFO (DynamicRoutingDataSource.java:15)- 当前数据源 [null]
2020-08-14 14:06:07,187 INFO (DynamicRoutingDataSource.java:15)- 当前数据源 [null]
2020-08-14 14:06:07,947 INFO (StartupInfoLogger.java:50)- Starting Test01 on zhufugaodeMacBook-Pro.local with PID 4176 (started by zhufugao in /Users/zhufugao/sourceTree/rebuildZblog/zblog-parent/zblog-basics/zblog-basics-service)
2020-08-14 14:06:07,948 DEBUG (StartupInfoLogger.java:53)- Running with Spring Boot v2.1.3.RELEASE, Spring v5.1.3.RELEASE
2020-08-14 14:06:07,950 INFO (SpringApplication.java:675)- No active profile set, falling back to default profiles: default
2020-08-14 14:06:11,362 INFO (DynamicRoutingDataSource.java:15)- 当前数据源 [null]
2020-08-14 14:06:11,371 INFO (DynamicRoutingDataSource.java:15)- 当前数据源 [null]
