10:44:28.617 [main] INFO  logger_name:com.zblog.Test01 - [TID: N/A] - message:Starting Test01 on zhufugaodeMacBook-Pro.local with PID 10056 (started by zhufugao in /Users/zhufugao/sourceTree/rebuildZblog/zblog-parent/zblog-basics/zblog-basics-service)
10:44:28.620 [main] DEBUG logger_name:com.zblog.Test01 - [TID: N/A] - message:Running with Spring Boot v2.1.3.RELEASE, Spring v5.1.3.RELEASE
10:44:28.622 [main] INFO  logger_name:com.zblog.Test01 - [TID: N/A] - message:No active profile set, falling back to default profiles: default
10:44:38.041 [main] INFO  logger_name:c.z.u.s.DynamicRoutingDataSource - [TID: N/A] - message:当前数据源 [null]
10:44:38.059 [main] INFO  logger_name:c.z.u.s.DynamicRoutingDataSource - [TID: N/A] - message:当前数据源 [null]
10:46:27.680 [main] INFO  logger_name:com.zblog.Test01 - [TID: N/A] - message:Starting Test01 on zhufugaodeMacBook-Pro.local with PID 10079 (started by zhufugao in /Users/zhufugao/sourceTree/rebuildZblog/zblog-parent/zblog-basics/zblog-basics-service)
10:46:27.680 [main] DEBUG logger_name:com.zblog.Test01 - [TID: N/A] - message:Running with Spring Boot v2.1.3.RELEASE, Spring v5.1.3.RELEASE
10:46:27.681 [main] INFO  logger_name:com.zblog.Test01 - [TID: N/A] - message:No active profile set, falling back to default profiles: default
10:46:35.911 [main] INFO  logger_name:c.z.u.s.DynamicRoutingDataSource - [TID: N/A] - message:当前数据源 [null]
10:46:35.927 [main] INFO  logger_name:c.z.u.s.DynamicRoutingDataSource - [TID: N/A] - message:当前数据源 [null]
10:46:38.876 [main] INFO  logger_name:com.zblog.Test01 - [TID: N/A] - message:Started Test01 in 72.125 seconds (JVM running for 74.638)
10:55:15.975 [main] INFO  logger_name:com.zblog.Test01 - [TID: N/A] - message:Starting Test01 on zhufugaodeMacBook-Pro.local with PID 10168 (started by zhufugao in /Users/zhufugao/sourceTree/rebuildZblog/zblog-parent/zblog-basics/zblog-basics-service)
10:55:15.976 [main] DEBUG logger_name:com.zblog.Test01 - [TID: N/A] - message:Running with Spring Boot v2.1.3.RELEASE, Spring v5.1.3.RELEASE
10:55:15.976 [main] INFO  logger_name:com.zblog.Test01 - [TID: N/A] - message:No active profile set, falling back to default profiles: default
10:55:23.626 [main] INFO  logger_name:c.z.u.s.DynamicRoutingDataSource - [TID: N/A] - message:当前数据源 [null]
10:55:23.642 [main] INFO  logger_name:c.z.u.s.DynamicRoutingDataSource - [TID: N/A] - message:当前数据源 [null]
10:55:25.878 [main] INFO  logger_name:com.zblog.Test01 - [TID: N/A] - message:Started Test01 in 70.751 seconds (JVM running for 72.795)
10:57:26.116 [main] INFO  logger_name:com.zblog.Test01 - [TID: N/A] - message:Starting Test01 on zhufugaodeMacBook-Pro.local with PID 10189 (started by zhufugao in /Users/zhufugao/sourceTree/rebuildZblog/zblog-parent/zblog-basics/zblog-basics-service)
10:57:26.116 [main] DEBUG logger_name:com.zblog.Test01 - [TID: N/A] - message:Running with Spring Boot v2.1.3.RELEASE, Spring v5.1.3.RELEASE
10:57:26.117 [main] INFO  logger_name:com.zblog.Test01 - [TID: N/A] - message:No active profile set, falling back to default profiles: default
10:57:33.409 [main] INFO  logger_name:c.z.u.s.DynamicRoutingDataSource - [TID: N/A] - message:当前数据源 [null]
10:57:33.423 [main] INFO  logger_name:c.z.u.s.DynamicRoutingDataSource - [TID: N/A] - message:当前数据源 [null]
10:57:35.538 [main] INFO  logger_name:com.zblog.Test01 - [TID: N/A] - message:Started Test01 in 70.436 seconds (JVM running for 72.73)
