11:19:34.528 [main] INFO  logger_name:c.z.ZblogPostServiceApplicationTests - [TID: N/A] - message:Starting ZblogPostServiceApplicationTests on zhufugaodeMacBook-Pro.local with PID 19586 (started by zhufugao in /Users/zhufugao/sourceTree/rebuildZblog/zblog-parent/zblog-post/zblog-post-service)
11:19:34.530 [main] DEBUG logger_name:c.z.ZblogPostServiceApplicationTests - [TID: N/A] - message:Running with Spring Boot v2.1.3.RELEASE, Spring v5.1.3.RELEASE
11:19:34.531 [main] INFO  logger_name:c.z.ZblogPostServiceApplicationTests - [TID: N/A] - message:No active profile set, falling back to default profiles: default
11:19:42.046 [main] INFO  logger_name:c.z.u.s.DynamicRoutingDataSource - [TID: N/A] - message:当前数据源 [null]
11:19:42.055 [main] INFO  logger_name:c.z.u.s.DynamicRoutingDataSource - [TID: N/A] - message:当前数据源 [null]
11:19:43.995 [main] INFO  logger_name:c.z.ZblogPostServiceApplicationTests - [TID: N/A] - message:Started ZblogPostServiceApplicationTests in 70.363 seconds (JVM running for 72.055)
11:22:58.749 [main] INFO  logger_name:c.z.ZblogPostServiceApplicationTests - [TID: N/A] - message:Starting ZblogPostServiceApplicationTests on zhufugaodeMacBook-Pro.local with PID 19617 (started by zhufugao in /Users/zhufugao/sourceTree/rebuildZblog/zblog-parent/zblog-post/zblog-post-service)
11:22:58.750 [main] DEBUG logger_name:c.z.ZblogPostServiceApplicationTests - [TID: N/A] - message:Running with Spring Boot v2.1.3.RELEASE, Spring v5.1.3.RELEASE
11:22:58.751 [main] INFO  logger_name:c.z.ZblogPostServiceApplicationTests - [TID: N/A] - message:No active profile set, falling back to default profiles: default
11:23:10.086 [main] INFO  logger_name:c.z.u.s.DynamicRoutingDataSource - [TID: N/A] - message:当前数据源 [null]
11:23:10.104 [main] INFO  logger_name:c.z.u.s.DynamicRoutingDataSource - [TID: N/A] - message:当前数据源 [null]
11:23:14.463 [main] INFO  logger_name:c.z.ZblogPostServiceApplicationTests - [TID: N/A] - message:Started ZblogPostServiceApplicationTests in 76.653 seconds (JVM running for 78.958)
11:25:44.440 [main] INFO  logger_name:c.z.ZblogPostServiceApplicationTests - [TID: N/A] - message:Starting ZblogPostServiceApplicationTests on zhufugaodeMacBook-Pro.local with PID 19646 (started by zhufugao in /Users/zhufugao/sourceTree/rebuildZblog/zblog-parent/zblog-post/zblog-post-service)
11:25:44.441 [main] DEBUG logger_name:c.z.ZblogPostServiceApplicationTests - [TID: N/A] - message:Running with Spring Boot v2.1.3.RELEASE, Spring v5.1.3.RELEASE
11:25:44.441 [main] INFO  logger_name:c.z.ZblogPostServiceApplicationTests - [TID: N/A] - message:No active profile set, falling back to default profiles: default
11:25:52.060 [main] INFO  logger_name:c.z.u.s.DynamicRoutingDataSource - [TID: N/A] - message:当前数据源 [null]
11:25:52.072 [main] INFO  logger_name:c.z.u.s.DynamicRoutingDataSource - [TID: N/A] - message:当前数据源 [null]
11:25:54.693 [main] INFO  logger_name:c.z.ZblogPostServiceApplicationTests - [TID: N/A] - message:Started ZblogPostServiceApplicationTests in 71.081 seconds (JVM running for 72.857)
11:28:33.647 [main] INFO  logger_name:c.z.ZblogPostServiceApplicationTests - [TID: N/A] - message:Starting ZblogPostServiceApplicationTests on zhufugaodeMacBook-Pro.local with PID 19668 (started by zhufugao in /Users/zhufugao/sourceTree/rebuildZblog/zblog-parent/zblog-post/zblog-post-service)
11:28:33.648 [main] DEBUG logger_name:c.z.ZblogPostServiceApplicationTests - [TID: N/A] - message:Running with Spring Boot v2.1.3.RELEASE, Spring v5.1.3.RELEASE
11:28:33.649 [main] INFO  logger_name:c.z.ZblogPostServiceApplicationTests - [TID: N/A] - message:No active profile set, falling back to default profiles: default
11:28:42.360 [main] INFO  logger_name:c.z.u.s.DynamicRoutingDataSource - [TID: N/A] - message:当前数据源 [null]
11:28:42.376 [main] INFO  logger_name:c.z.u.s.DynamicRoutingDataSource - [TID: N/A] - message:当前数据源 [null]
11:28:45.103 [main] INFO  logger_name:c.z.ZblogPostServiceApplicationTests - [TID: N/A] - message:Started ZblogPostServiceApplicationTests in 72.33 seconds (JVM running for 74.449)
